Flow report for Part4
Sun Feb 03 20:00:18 2019
Quartus Prime Version 18.0.0 Build 614 04/24/2018 SJ Lite Edition


---------------------
; Table of Contents ;
---------------------
  1. Legal Notice
  2. Flow Summary
  3. Flow Settings
  4. Flow Non-Default Global Settings
  5. Flow Elapsed Time
  6. Flow OS Summary
  7. Flow Log
  8. Flow Messages
  9. Flow Suppressed Messages



----------------
; Legal Notice ;
----------------
Copyright (C) 2018  Intel Corporation. All rights reserved.
Your use of Intel Corporation's design tools, logic functions 
and other software and tools, and its AMPP partner logic 
functions, and any output files from any of the foregoing 
(including device programming or simulation files), and any 
associated documentation or information are expressly subject 
to the terms and conditions of the Intel Program License 
Subscription Agreement, the Intel Quartus Prime License Agreement,
the Intel FPGA IP License Agreement, or other applicable license
agreement, including, without limitation, that your use is for
the sole purpose of programming logic devices manufactured by
Intel and sold by Intel or its authorized distributors.  Please
refer to the applicable agreement for further details.



+-------------------------------------------------------------------------------+
; Flow Summary                                                                  ;
+---------------------------------+---------------------------------------------+
; Flow Status                     ; Successful - Sun Feb 03 20:00:18 2019       ;
; Quartus Prime Version           ; 18.0.0 Build 614 04/24/2018 SJ Lite Edition ;
; Revision Name                   ; Part4                                       ;
; Top-level Entity Name           ; part3                                       ;
; Family                          ; Cyclone V                                   ;
; Device                          ; 5CSEMA5F31C6                                ;
; Timing Models                   ; Final                                       ;
; Logic utilization (in ALMs)     ; 207 / 32,070 ( < 1 % )                      ;
; Total registers                 ; 279                                         ;
; Total pins                      ; 64 / 457 ( 14 % )                           ;
; Total virtual pins              ; 0                                           ;
; Total block memory bits         ; 4,096 / 4,065,280 ( < 1 % )                 ;
; Total DSP Blocks                ; 0 / 87 ( 0 % )                              ;
; Total HSSI RX PCSs              ; 0                                           ;
; Total HSSI PMA RX Deserializers ; 0                                           ;
; Total HSSI TX PCSs              ; 0                                           ;
; Total HSSI PMA TX Serializers   ; 0                                           ;
; Total PLLs                      ; 0 / 6 ( 0 % )                               ;
; Total DLLs                      ; 0 / 4 ( 0 % )                               ;
+---------------------------------+---------------------------------------------+


+-----------------------------------------+
; Flow Settings                           ;
+-------------------+---------------------+
; Option            ; Setting             ;
+-------------------+---------------------+
; Start date & time ; 02/03/2019 18:16:19 ;
; Main task         ; Compilation         ;
; Revision Name     ; Part4               ;
+-------------------+---------------------+


+-------------------------------------------------------------------------------------------------------------------------+
; Flow Non-Default Global Settings                                                                                        ;
+-------------------------------------+----------------------------------------+---------------+-------------+------------+
; Assignment Name                     ; Value                                  ; Default Value ; Entity Name ; Section Id ;
+-------------------------------------+----------------------------------------+---------------+-------------+------------+
; COMPILER_SIGNATURE_ID               ; 22727988023479.154923577814764         ; --            ; --          ; --         ;
; MAX_CORE_JUNCTION_TEMP              ; 85                                     ; --            ; --          ; --         ;
; MIN_CORE_JUNCTION_TEMP              ; 0                                      ; --            ; --          ; --         ;
; PARTITION_COLOR                     ; -- (Not supported for targeted family) ; --            ; part3       ; Top        ;
; PARTITION_FITTER_PRESERVATION_LEVEL ; -- (Not supported for targeted family) ; --            ; part3       ; Top        ;
; PARTITION_NETLIST_TYPE              ; -- (Not supported for targeted family) ; --            ; part3       ; Top        ;
; POWER_BOARD_THERMAL_MODEL           ; None (CONSERVATIVE)                    ; --            ; --          ; --         ;
; POWER_PRESET_COOLING_SOLUTION       ; 23 MM HEAT SINK WITH 200 LFPM AIRFLOW  ; --            ; --          ; --         ;
; PROJECT_OUTPUT_DIRECTORY            ; output_files                           ; --            ; --          ; --         ;
; TOP_LEVEL_ENTITY                    ; part3                                  ; Part4         ; --          ; --         ;
+-------------------------------------+----------------------------------------+---------------+-------------+------------+


+--------------------------------------------------------------------------------------------------------------------------+
; Flow Elapsed Time                                                                                                        ;
+----------------------+--------------+-------------------------+---------------------+------------------------------------+
; Module Name          ; Elapsed Time ; Average Processors Used ; Peak Virtual Memory ; Total CPU Time (on all processors) ;
+----------------------+--------------+-------------------------+---------------------+------------------------------------+
; Analysis & Synthesis ; 00:00:22     ; 1.0                     ; 4818 MB             ; 00:00:40                           ;
; Fitter               ; 00:01:26     ; 1.0                     ; 6284 MB             ; 00:02:08                           ;
; Assembler            ; 00:00:12     ; 1.0                     ; 4844 MB             ; 00:00:12                           ;
; Timing Analyzer      ; 00:00:15     ; 1.1                     ; 5144 MB             ; 00:00:16                           ;
; MIF/HEX Update       ; 00:00:05     ; 1.0                     ; 4869 MB             ; 00:00:06                           ;
; Assembler            ; 00:00:15     ; 1.0                     ; 4839 MB             ; 00:00:15                           ;
; MIF/HEX Update       ; 00:00:07     ; 1.0                     ; 4873 MB             ; 00:00:07                           ;
; Assembler            ; 00:00:15     ; 1.0                     ; 4846 MB             ; 00:00:15                           ;
; MIF/HEX Update       ; 00:00:09     ; 1.0                     ; 4875 MB             ; 00:00:08                           ;
; Assembler            ; 00:00:29     ; 1.0                     ; 4852 MB             ; 00:00:25                           ;
; MIF/HEX Update       ; 00:00:06     ; 1.0                     ; 4876 MB             ; 00:00:06                           ;
; Assembler            ; 00:00:18     ; 1.0                     ; 4852 MB             ; 00:00:16                           ;
; MIF/HEX Update       ; 00:00:08     ; 1.0                     ; 4881 MB             ; 00:00:06                           ;
; Assembler            ; 00:00:14     ; 1.0                     ; 4861 MB             ; 00:00:12                           ;
; MIF/HEX Update       ; 00:00:11     ; 1.0                     ; 4907 MB             ; 00:00:07                           ;
; Assembler            ; 00:00:22     ; 1.0                     ; 4866 MB             ; 00:00:14                           ;
; MIF/HEX Update       ; 00:00:03     ; 1.0                     ; 4907 MB             ; 00:00:04                           ;
; Assembler            ; 00:00:10     ; 1.0                     ; 4871 MB             ; 00:00:09                           ;
; MIF/HEX Update       ; 00:00:04     ; 1.0                     ; 4912 MB             ; 00:00:04                           ;
; Assembler            ; 00:00:09     ; 1.0                     ; 4875 MB             ; 00:00:09                           ;
; MIF/HEX Update       ; 00:00:05     ; 1.0                     ; 4913 MB             ; 00:00:04                           ;
; Assembler            ; 00:00:09     ; 1.0                     ; 4876 MB             ; 00:00:09                           ;
; Total                ; 00:05:34     ; --                      ; --                  ; 00:06:12                           ;
+----------------------+--------------+-------------------------+---------------------+------------------------------------+


+------------------------------------------------------------------------------------+
; Flow OS Summary                                                                    ;
+----------------------+------------------+------------+------------+----------------+
; Module Name          ; Machine Hostname ; OS Name    ; OS Version ; Processor type ;
+----------------------+------------------+------------+------------+----------------+
; Analysis & Synthesis ; DESKTOP-UG47C53  ; Windows 10 ; 10.0       ; x86_64         ;
; Fitter               ; DESKTOP-UG47C53  ; Windows 10 ; 10.0       ; x86_64         ;
; Assembler            ; DESKTOP-UG47C53  ; Windows 10 ; 10.0       ; x86_64         ;
; Timing Analyzer      ; DESKTOP-UG47C53  ; Windows 10 ; 10.0       ; x86_64         ;
; MIF/HEX Update       ; DESKTOP-UG47C53  ; Windows 10 ; 10.0       ; x86_64         ;
; Assembler            ; DESKTOP-UG47C53  ; Windows 10 ; 10.0       ; x86_64         ;
; MIF/HEX Update       ; DESKTOP-UG47C53  ; Windows 10 ; 10.0       ; x86_64         ;
; Assembler            ; DESKTOP-UG47C53  ; Windows 10 ; 10.0       ; x86_64         ;
; MIF/HEX Update       ; DESKTOP-UG47C53  ; Windows 10 ; 10.0       ; x86_64         ;
; Assembler            ; DESKTOP-UG47C53  ; Windows 10 ; 10.0       ; x86_64         ;
; MIF/HEX Update       ; DESKTOP-UG47C53  ; Windows 10 ; 10.0       ; x86_64         ;
; Assembler            ; DESKTOP-UG47C53  ; Windows 10 ; 10.0       ; x86_64         ;
; MIF/HEX Update       ; DESKTOP-UG47C53  ; Windows 10 ; 10.0       ; x86_64         ;
; Assembler            ; DESKTOP-UG47C53  ; Windows 10 ; 10.0       ; x86_64         ;
; MIF/HEX Update       ; AndyXPS          ; Windows 10 ; 10.0       ; x86_64         ;
; Assembler            ; AndyXPS          ; Windows 10 ; 10.0       ; x86_64         ;
; MIF/HEX Update       ; AndyXPS          ; Windows 10 ; 10.0       ; x86_64         ;
; Assembler            ; AndyXPS          ; Windows 10 ; 10.0       ; x86_64         ;
; MIF/HEX Update       ; AndyXPS          ; Windows 10 ; 10.0       ; x86_64         ;
; Assembler            ; AndyXPS          ; Windows 10 ; 10.0       ; x86_64         ;
; MIF/HEX Update       ; AndyXPS          ; Windows 10 ; 10.0       ; x86_64         ;
; Assembler            ; AndyXPS          ; Windows 10 ; 10.0       ; x86_64         ;
+----------------------+------------------+------------+------------+----------------+


------------
; Flow Log ;
------------
quartus_map --read_settings_files=on --write_settings_files=off Part4 -c Part4
quartus_fit --read_settings_files=off --write_settings_files=off Part4 -c Part4
quartus_asm --read_settings_files=off --write_settings_files=off Part4 -c Part4
quartus_sta Part4 -c Part4
quartus_cdb Part4 -c Part4 --update_mif
quartus_asm --read_settings_files=on --write_settings_files=off Part4 -c Part4
quartus_cdb Part4 -c Part4 --update_mif
quartus_asm --read_settings_files=on --write_settings_files=off Part4 -c Part4
quartus_cdb Part4 -c Part4 --update_mif
quartus_asm --read_settings_files=on --write_settings_files=off Part4 -c Part4
quartus_cdb Part4 -c Part4 --update_mif
quartus_asm --read_settings_files=on --write_settings_files=off Part4 -c Part4
quartus_cdb Part4 -c Part4 --update_mif
quartus_asm --read_settings_files=on --write_settings_files=off Part4 -c Part4
quartus_cdb Part4 -c Part4 --update_mif
quartus_asm --read_settings_files=on --write_settings_files=off Part4 -c Part4
quartus_cdb Part4 -c Part4 --update_mif
quartus_asm --read_settings_files=on --write_settings_files=off Part4 -c Part4
quartus_cdb Part4 -c Part4 --update_mif
quartus_asm --read_settings_files=on --write_settings_files=off Part4 -c Part4
quartus_cdb Part4 -c Part4 --update_mif
quartus_asm --read_settings_files=on --write_settings_files=off Part4 -c Part4



