Analysis & Synthesis report for Part4
Sun Feb 03 18:16:39 2019
Quartus Prime Version 18.0.0 Build 614 04/24/2018 SJ Lite Edition


---------------------
; Table of Contents ;
---------------------
  1. Legal Notice
  2. Analysis & Synthesis Summary
  3. Analysis & Synthesis Settings
  4. Parallel Compilation
  5. Analysis & Synthesis Source Files Read
  6. Analysis & Synthesis Resource Usage Summary
  7. Analysis & Synthesis Resource Utilization by Entity
  8. Analysis & Synthesis RAM Summary
  9. State Machine - |part3|proc:U3|Tstep_Q
 10. User-Specified and Inferred Latches
 11. Registers Removed During Synthesis
 12. General Register Statistics
 13. Multiplexer Restructuring Statistics (Restructuring Performed)
 14. Source assignments for inst_mem:U4|altsyncram:altsyncram_component|altsyncram_rgj1:auto_generated
 15. Parameter Settings for User Entity Instance: seg7_scroll:seg1|regne:reg_R0
 16. Parameter Settings for User Entity Instance: seg7_scroll:seg1|regne:reg_R1
 17. Parameter Settings for User Entity Instance: seg7_scroll:seg1|regne:reg_R2
 18. Parameter Settings for User Entity Instance: seg7_scroll:seg1|regne:reg_R3
 19. Parameter Settings for User Entity Instance: seg7_scroll:seg1|regne:reg_R4
 20. Parameter Settings for User Entity Instance: seg7_scroll:seg1|regne:reg_R5
 21. Parameter Settings for User Entity Instance: proc:U3
 22. Parameter Settings for User Entity Instance: proc:U3|regn:reg_0
 23. Parameter Settings for User Entity Instance: proc:U3|regn:reg_1
 24. Parameter Settings for User Entity Instance: proc:U3|regn:reg_2
 25. Parameter Settings for User Entity Instance: proc:U3|regn:reg_3
 26. Parameter Settings for User Entity Instance: proc:U3|regn:reg_4
 27. Parameter Settings for User Entity Instance: proc:U3|regn:reg_5
 28. Parameter Settings for User Entity Instance: proc:U3|regn:reg_6
 29. Parameter Settings for User Entity Instance: proc:U3|regn:reg_A
 30. Parameter Settings for User Entity Instance: proc:U3|regn:reg_DOUT
 31. Parameter Settings for User Entity Instance: proc:U3|regn:reg_ADDR
 32. Parameter Settings for User Entity Instance: proc:U3|regn:reg_IR
 33. Parameter Settings for User Entity Instance: proc:U3|regn:reg_G
 34. Parameter Settings for User Entity Instance: inst_mem:U4|altsyncram:altsyncram_component
 35. Parameter Settings for User Entity Instance: regn:U5
 36. Parameter Settings for User Entity Instance: regn:U7
 37. altsyncram Parameter Settings by Entity Instance
 38. Port Connectivity Checks: "regn:U7"
 39. Port Connectivity Checks: "proc:U3|dec3to8:decY"
 40. Port Connectivity Checks: "proc:U3|dec3to8:decX"
 41. Port Connectivity Checks: "proc:U3"
 42. Post-Synthesis Netlist Statistics for Top Partition
 43. Elapsed Time Per Partition
 44. Analysis & Synthesis Messages
 45. Analysis & Synthesis Suppressed Messages



----------------
; Legal Notice ;
----------------
Copyright (C) 2018  Intel Corporation. All rights reserved.
Your use of Intel Corporation's design tools, logic functions 
and other software and tools, and its AMPP partner logic 
functions, and any output files from any of the foregoing 
(including device programming or simulation files), and any 
associated documentation or information are expressly subject 
to the terms and conditions of the Intel Program License 
Subscription Agreement, the Intel Quartus Prime License Agreement,
the Intel FPGA IP License Agreement, or other applicable license
agreement, including, without limitation, that your use is for
the sole purpose of programming logic devices manufactured by
Intel and sold by Intel or its authorized distributors.  Please
refer to the applicable agreement for further details.



+-------------------------------------------------------------------------------+
; Analysis & Synthesis Summary                                                  ;
+---------------------------------+---------------------------------------------+
; Analysis & Synthesis Status     ; Successful - Sun Feb 03 18:16:39 2019       ;
; Quartus Prime Version           ; 18.0.0 Build 614 04/24/2018 SJ Lite Edition ;
; Revision Name                   ; Part4                                       ;
; Top-level Entity Name           ; part3                                       ;
; Family                          ; Cyclone V                                   ;
; Logic utilization (in ALMs)     ; N/A                                         ;
; Total registers                 ; 266                                         ;
; Total pins                      ; 64                                          ;
; Total virtual pins              ; 0                                           ;
; Total block memory bits         ; 4,096                                       ;
; Total DSP Blocks                ; 0                                           ;
; Total HSSI RX PCSs              ; 0                                           ;
; Total HSSI PMA RX Deserializers ; 0                                           ;
; Total HSSI TX PCSs              ; 0                                           ;
; Total HSSI PMA TX Serializers   ; 0                                           ;
; Total PLLs                      ; 0                                           ;
; Total DLLs                      ; 0                                           ;
+---------------------------------+---------------------------------------------+


+---------------------------------------------------------------------------------------------------------------------------+
; Analysis & Synthesis Settings                                                                                             ;
+---------------------------------------------------------------------------------+--------------------+--------------------+
; Option                                                                          ; Setting            ; Default Value      ;
+---------------------------------------------------------------------------------+--------------------+--------------------+
; Device                                                                          ; 5CSEMA5F31C6       ;                    ;
; Top-level entity name                                                           ; part3              ; Part4              ;
; Family name                                                                     ; Cyclone V          ; Cyclone V          ;
; Use smart compilation                                                           ; Off                ; Off                ;
; Enable parallel Assembler and Timing Analyzer during compilation                ; On                 ; On                 ;
; Enable compact report table                                                     ; Off                ; Off                ;
; Restructure Multiplexers                                                        ; Auto               ; Auto               ;
; MLAB Add Timing Constraints For Mixed-Port Feed-Through Mode Setting Don't Care ; Off                ; Off                ;
; Create Debugging Nodes for IP Cores                                             ; Off                ; Off                ;
; Preserve fewer node names                                                       ; On                 ; On                 ;
; Intel FPGA IP Evaluation Mode                                                   ; Enable             ; Enable             ;
; Verilog Version                                                                 ; Verilog_2001       ; Verilog_2001       ;
; VHDL Version                                                                    ; VHDL_1993          ; VHDL_1993          ;
; State Machine Processing                                                        ; Auto               ; Auto               ;
; Safe State Machine                                                              ; Off                ; Off                ;
; Extract Verilog State Machines                                                  ; On                 ; On                 ;
; Extract VHDL State Machines                                                     ; On                 ; On                 ;
; Ignore Verilog initial constructs                                               ; Off                ; Off                ;
; Iteration limit for constant Verilog loops                                      ; 5000               ; 5000               ;
; Iteration limit for non-constant Verilog loops                                  ; 250                ; 250                ;
; Add Pass-Through Logic to Inferred RAMs                                         ; On                 ; On                 ;
; Infer RAMs from Raw Logic                                                       ; On                 ; On                 ;
; Parallel Synthesis                                                              ; On                 ; On                 ;
; DSP Block Balancing                                                             ; Auto               ; Auto               ;
; NOT Gate Push-Back                                                              ; On                 ; On                 ;
; Power-Up Don't Care                                                             ; On                 ; On                 ;
; Remove Redundant Logic Cells                                                    ; Off                ; Off                ;
; Remove Duplicate Registers                                                      ; On                 ; On                 ;
; Ignore CARRY Buffers                                                            ; Off                ; Off                ;
; Ignore CASCADE Buffers                                                          ; Off                ; Off                ;
; Ignore GLOBAL Buffers                                                           ; Off                ; Off                ;
; Ignore ROW GLOBAL Buffers                                                       ; Off                ; Off                ;
; Ignore LCELL Buffers                                                            ; Off                ; Off                ;
; Ignore SOFT Buffers                                                             ; On                 ; On                 ;
; Limit AHDL Integers to 32 Bits                                                  ; Off                ; Off                ;
; Optimization Technique                                                          ; Balanced           ; Balanced           ;
; Carry Chain Length                                                              ; 70                 ; 70                 ;
; Auto Carry Chains                                                               ; On                 ; On                 ;
; Auto Open-Drain Pins                                                            ; On                 ; On                 ;
; Perform WYSIWYG Primitive Resynthesis                                           ; Off                ; Off                ;
; Auto ROM Replacement                                                            ; On                 ; On                 ;
; Auto RAM Replacement                                                            ; On                 ; On                 ;
; Auto DSP Block Replacement                                                      ; On                 ; On                 ;
; Auto Shift Register Replacement                                                 ; Auto               ; Auto               ;
; Allow Shift Register Merging across Hierarchies                                 ; Auto               ; Auto               ;
; Auto Clock Enable Replacement                                                   ; On                 ; On                 ;
; Strict RAM Replacement                                                          ; Off                ; Off                ;
; Allow Synchronous Control Signals                                               ; On                 ; On                 ;
; Force Use of Synchronous Clear Signals                                          ; Off                ; Off                ;
; Auto Resource Sharing                                                           ; Off                ; Off                ;
; Allow Any RAM Size For Recognition                                              ; Off                ; Off                ;
; Allow Any ROM Size For Recognition                                              ; Off                ; Off                ;
; Allow Any Shift Register Size For Recognition                                   ; Off                ; Off                ;
; Use LogicLock Constraints during Resource Balancing                             ; On                 ; On                 ;
; Ignore translate_off and synthesis_off directives                               ; Off                ; Off                ;
; Timing-Driven Synthesis                                                         ; On                 ; On                 ;
; Report Parameter Settings                                                       ; On                 ; On                 ;
; Report Source Assignments                                                       ; On                 ; On                 ;
; Report Connectivity Checks                                                      ; On                 ; On                 ;
; Ignore Maximum Fan-Out Assignments                                              ; Off                ; Off                ;
; Synchronization Register Chain Length                                           ; 3                  ; 3                  ;
; Power Optimization During Synthesis                                             ; Normal compilation ; Normal compilation ;
; HDL message level                                                               ; Level2             ; Level2             ;
; Suppress Register Optimization Related Messages                                 ; Off                ; Off                ;
; Number of Removed Registers Reported in Synthesis Report                        ; 5000               ; 5000               ;
; Number of Swept Nodes Reported in Synthesis Report                              ; 5000               ; 5000               ;
; Number of Inverted Registers Reported in Synthesis Report                       ; 100                ; 100                ;
; Clock MUX Protection                                                            ; On                 ; On                 ;
; Auto Gated Clock Conversion                                                     ; Off                ; Off                ;
; Block Design Naming                                                             ; Auto               ; Auto               ;
; SDC constraint protection                                                       ; Off                ; Off                ;
; Synthesis Effort                                                                ; Auto               ; Auto               ;
; Shift Register Replacement - Allow Asynchronous Clear Signal                    ; On                 ; On                 ;
; Pre-Mapping Resynthesis Optimization                                            ; Off                ; Off                ;
; Analysis & Synthesis Message Level                                              ; Medium             ; Medium             ;
; Disable Register Merging Across Hierarchies                                     ; Auto               ; Auto               ;
; Resource Aware Inference For Block RAM                                          ; On                 ; On                 ;
; Automatic Parallel Synthesis                                                    ; On                 ; On                 ;
; Partial Reconfiguration Bitstream ID                                            ; Off                ; Off                ;
+---------------------------------------------------------------------------------+--------------------+--------------------+


+------------------------------------------+
; Parallel Compilation                     ;
+----------------------------+-------------+
; Processors                 ; Number      ;
+----------------------------+-------------+
; Number detected on machine ; 4           ;
; Maximum allowed            ; 2           ;
;                            ;             ;
; Average used               ; 1.00        ;
; Maximum used               ; 2           ;
;                            ;             ;
; Usage by Processor         ; % Time Used ;
;     Processor 1            ; 100.0%      ;
;     Processor 2            ;   0.0%      ;
+----------------------------+-------------+


+---------------------------------------------------------------------------------------------------------------------------------------------------------------------------------------------------------------------+
; Analysis & Synthesis Source Files Read                                                                                                                                                                              ;
+----------------------------------+-----------------+----------------------------------------+-------------------------------------------------------------------------------------------------------------+---------+
; File Name with User-Entered Path ; Used in Netlist ; File Type                              ; File Name with Absolute Path                                                                                ; Library ;
+----------------------------------+-----------------+----------------------------------------+-------------------------------------------------------------------------------------------------------------+---------+
; seg7_scroll.v                    ; yes             ; User Verilog HDL File                  ; C:/Users/shekk/OneDrive/Documents/intelFPGA_lite/18.0/ECE243L2P4/seg7_scroll.v                              ;         ;
; proc.v                           ; yes             ; User Verilog HDL File                  ; C:/Users/shekk/OneDrive/Documents/intelFPGA_lite/18.0/ECE243L2P4/proc.v                                     ;         ;
; part3.v                          ; yes             ; User Verilog HDL File                  ; C:/Users/shekk/OneDrive/Documents/intelFPGA_lite/18.0/ECE243L2P4/part3.v                                    ;         ;
; flipflop.v                       ; yes             ; User Verilog HDL File                  ; C:/Users/shekk/OneDrive/Documents/intelFPGA_lite/18.0/ECE243L2P4/flipflop.v                                 ;         ;
; inst_mem.v                       ; yes             ; Auto-Found Wizard-Generated File       ; C:/Users/shekk/OneDrive/Documents/intelFPGA_lite/18.0/ECE243L2P4/inst_mem.v                                 ;         ;
; altsyncram.tdf                   ; yes             ; Megafunction                           ; c:/users/shekk/onedrive/documents/intelfpga_lite/18.0/quartus/libraries/megafunctions/altsyncram.tdf        ;         ;
; stratix_ram_block.inc            ; yes             ; Megafunction                           ; c:/users/shekk/onedrive/documents/intelfpga_lite/18.0/quartus/libraries/megafunctions/stratix_ram_block.inc ;         ;
; lpm_mux.inc                      ; yes             ; Megafunction                           ; c:/users/shekk/onedrive/documents/intelfpga_lite/18.0/quartus/libraries/megafunctions/lpm_mux.inc           ;         ;
; lpm_decode.inc                   ; yes             ; Megafunction                           ; c:/users/shekk/onedrive/documents/intelfpga_lite/18.0/quartus/libraries/megafunctions/lpm_decode.inc        ;         ;
; aglobal180.inc                   ; yes             ; Megafunction                           ; c:/users/shekk/onedrive/documents/intelfpga_lite/18.0/quartus/libraries/megafunctions/aglobal180.inc        ;         ;
; a_rdenreg.inc                    ; yes             ; Megafunction                           ; c:/users/shekk/onedrive/documents/intelfpga_lite/18.0/quartus/libraries/megafunctions/a_rdenreg.inc         ;         ;
; altrom.inc                       ; yes             ; Megafunction                           ; c:/users/shekk/onedrive/documents/intelfpga_lite/18.0/quartus/libraries/megafunctions/altrom.inc            ;         ;
; altram.inc                       ; yes             ; Megafunction                           ; c:/users/shekk/onedrive/documents/intelfpga_lite/18.0/quartus/libraries/megafunctions/altram.inc            ;         ;
; altdpram.inc                     ; yes             ; Megafunction                           ; c:/users/shekk/onedrive/documents/intelfpga_lite/18.0/quartus/libraries/megafunctions/altdpram.inc          ;         ;
; db/altsyncram_rgj1.tdf           ; yes             ; Auto-Generated Megafunction            ; C:/Users/shekk/OneDrive/Documents/intelFPGA_lite/18.0/ECE243L2P4/db/altsyncram_rgj1.tdf                     ;         ;
; inst_mem.mif                     ; yes             ; Auto-Found Memory Initialization File  ; C:/Users/shekk/OneDrive/Documents/intelFPGA_lite/18.0/ECE243L2P4/inst_mem.mif                               ;         ;
+----------------------------------+-----------------+----------------------------------------+-------------------------------------------------------------------------------------------------------------+---------+


+--------------------------------------------------------------+
; Analysis & Synthesis Resource Usage Summary                  ;
+---------------------------------------------+----------------+
; Resource                                    ; Usage          ;
+---------------------------------------------+----------------+
; Estimate of Logic utilization (ALMs needed) ; 215            ;
;                                             ;                ;
; Combinational ALUT usage for logic          ; 292            ;
;     -- 7 input functions                    ; 2              ;
;     -- 6 input functions                    ; 106            ;
;     -- 5 input functions                    ; 33             ;
;     -- 4 input functions                    ; 59             ;
;     -- <=3 input functions                  ; 92             ;
;                                             ;                ;
; Dedicated logic registers                   ; 266            ;
;                                             ;                ;
; I/O pins                                    ; 64             ;
; Total MLAB memory bits                      ; 0              ;
; Total block memory bits                     ; 4096           ;
;                                             ;                ;
; Total DSP Blocks                            ; 0              ;
;                                             ;                ;
; Maximum fan-out node                        ; CLOCK_50~input ;
; Maximum fan-out                             ; 282            ;
; Total fan-out                               ; 2423           ;
; Average fan-out                             ; 3.45           ;
+---------------------------------------------+----------------+


+-------------------------------------------------------------------------------------------------------------------------------------------------------------------------------------------------------------------------------------------------------------------------+
; Analysis & Synthesis Resource Utilization by Entity                                                                                                                                                                                                                     ;
+-------------------------------------------+---------------------+---------------------------+-------------------+------------+------+--------------+-----------------------------------------------------------------------------------+-----------------+--------------+
; Compilation Hierarchy Node                ; Combinational ALUTs ; Dedicated Logic Registers ; Block Memory Bits ; DSP Blocks ; Pins ; Virtual Pins ; Full Hierarchy Name                                                               ; Entity Name     ; Library Name ;
+-------------------------------------------+---------------------+---------------------------+-------------------+------------+------+--------------+-----------------------------------------------------------------------------------+-----------------+--------------+
; |part3                                    ; 292 (13)            ; 266 (0)                   ; 4096              ; 0          ; 64   ; 0            ; |part3                                                                            ; part3           ; work         ;
;    |flipflop:U1|                          ; 1 (1)               ; 1 (1)                     ; 0                 ; 0          ; 0    ; 0            ; |part3|flipflop:U1                                                                ; flipflop        ; work         ;
;    |flipflop:U2|                          ; 1 (1)               ; 1 (1)                     ; 0                 ; 0          ; 0    ; 0            ; |part3|flipflop:U2                                                                ; flipflop        ; work         ;
;    |inst_mem:U4|                          ; 0 (0)               ; 0 (0)                     ; 4096              ; 0          ; 0    ; 0            ; |part3|inst_mem:U4                                                                ; inst_mem        ; work         ;
;       |altsyncram:altsyncram_component|   ; 0 (0)               ; 0 (0)                     ; 4096              ; 0          ; 0    ; 0            ; |part3|inst_mem:U4|altsyncram:altsyncram_component                                ; altsyncram      ; work         ;
;          |altsyncram_rgj1:auto_generated| ; 0 (0)               ; 0 (0)                     ; 4096              ; 0          ; 0    ; 0            ; |part3|inst_mem:U4|altsyncram:altsyncram_component|altsyncram_rgj1:auto_generated ; altsyncram_rgj1 ; work         ;
;    |proc:U3|                              ; 263 (241)           ; 204 (6)                   ; 0                 ; 0          ; 0    ; 0            ; |part3|proc:U3                                                                    ; proc            ; work         ;
;       |dec3to8:decX|                      ; 2 (2)               ; 0 (0)                     ; 0                 ; 0          ; 0    ; 0            ; |part3|proc:U3|dec3to8:decX                                                       ; dec3to8         ; work         ;
;       |dec3to8:decY|                      ; 2 (2)               ; 0 (0)                     ; 0                 ; 0          ; 0    ; 0            ; |part3|proc:U3|dec3to8:decY                                                       ; dec3to8         ; work         ;
;       |flipflop:reg_W|                    ; 1 (1)               ; 1 (1)                     ; 0                 ; 0          ; 0    ; 0            ; |part3|proc:U3|flipflop:reg_W                                                     ; flipflop        ; work         ;
;       |pc_count:pc|                       ; 17 (17)             ; 16 (16)                   ; 0                 ; 0          ; 0    ; 0            ; |part3|proc:U3|pc_count:pc                                                        ; pc_count        ; work         ;
;       |regn:reg_0|                        ; 0 (0)               ; 16 (16)                   ; 0                 ; 0          ; 0    ; 0            ; |part3|proc:U3|regn:reg_0                                                         ; regn            ; work         ;
;       |regn:reg_1|                        ; 0 (0)               ; 16 (16)                   ; 0                 ; 0          ; 0    ; 0            ; |part3|proc:U3|regn:reg_1                                                         ; regn            ; work         ;
;       |regn:reg_2|                        ; 0 (0)               ; 16 (16)                   ; 0                 ; 0          ; 0    ; 0            ; |part3|proc:U3|regn:reg_2                                                         ; regn            ; work         ;
;       |regn:reg_3|                        ; 0 (0)               ; 16 (16)                   ; 0                 ; 0          ; 0    ; 0            ; |part3|proc:U3|regn:reg_3                                                         ; regn            ; work         ;
;       |regn:reg_4|                        ; 0 (0)               ; 16 (16)                   ; 0                 ; 0          ; 0    ; 0            ; |part3|proc:U3|regn:reg_4                                                         ; regn            ; work         ;
;       |regn:reg_5|                        ; 0 (0)               ; 16 (16)                   ; 0                 ; 0          ; 0    ; 0            ; |part3|proc:U3|regn:reg_5                                                         ; regn            ; work         ;
;       |regn:reg_6|                        ; 0 (0)               ; 16 (16)                   ; 0                 ; 0          ; 0    ; 0            ; |part3|proc:U3|regn:reg_6                                                         ; regn            ; work         ;
;       |regn:reg_ADDR|                     ; 0 (0)               ; 12 (12)                   ; 0                 ; 0          ; 0    ; 0            ; |part3|proc:U3|regn:reg_ADDR                                                      ; regn            ; work         ;
;       |regn:reg_A|                        ; 0 (0)               ; 16 (16)                   ; 0                 ; 0          ; 0    ; 0            ; |part3|proc:U3|regn:reg_A                                                         ; regn            ; work         ;
;       |regn:reg_DOUT|                     ; 0 (0)               ; 16 (16)                   ; 0                 ; 0          ; 0    ; 0            ; |part3|proc:U3|regn:reg_DOUT                                                      ; regn            ; work         ;
;       |regn:reg_G|                        ; 0 (0)               ; 16 (16)                   ; 0                 ; 0          ; 0    ; 0            ; |part3|proc:U3|regn:reg_G                                                         ; regn            ; work         ;
;       |regn:reg_IR|                       ; 0 (0)               ; 9 (9)                     ; 0                 ; 0          ; 0    ; 0            ; |part3|proc:U3|regn:reg_IR                                                        ; regn            ; work         ;
;    |regn:U5|                              ; 0 (0)               ; 9 (9)                     ; 0                 ; 0          ; 0    ; 0            ; |part3|regn:U5                                                                    ; regn            ; work         ;
;    |regn:U7|                              ; 0 (0)               ; 9 (9)                     ; 0                 ; 0          ; 0    ; 0            ; |part3|regn:U7                                                                    ; regn            ; work         ;
;    |seg7_scroll:seg1|                     ; 14 (1)              ; 42 (0)                    ; 0                 ; 0          ; 0    ; 0            ; |part3|seg7_scroll:seg1                                                           ; seg7_scroll     ; work         ;
;       |regne:reg_R0|                      ; 1 (1)               ; 7 (7)                     ; 0                 ; 0          ; 0    ; 0            ; |part3|seg7_scroll:seg1|regne:reg_R0                                              ; regne           ; work         ;
;       |regne:reg_R1|                      ; 1 (1)               ; 7 (7)                     ; 0                 ; 0          ; 0    ; 0            ; |part3|seg7_scroll:seg1|regne:reg_R1                                              ; regne           ; work         ;
;       |regne:reg_R2|                      ; 1 (1)               ; 7 (7)                     ; 0                 ; 0          ; 0    ; 0            ; |part3|seg7_scroll:seg1|regne:reg_R2                                              ; regne           ; work         ;
;       |regne:reg_R3|                      ; 1 (1)               ; 7 (7)                     ; 0                 ; 0          ; 0    ; 0            ; |part3|seg7_scroll:seg1|regne:reg_R3                                              ; regne           ; work         ;
;       |regne:reg_R4|                      ; 1 (1)               ; 7 (7)                     ; 0                 ; 0          ; 0    ; 0            ; |part3|seg7_scroll:seg1|regne:reg_R4                                              ; regne           ; work         ;
;       |regne:reg_R5|                      ; 8 (8)               ; 7 (7)                     ; 0                 ; 0          ; 0    ; 0            ; |part3|seg7_scroll:seg1|regne:reg_R5                                              ; regne           ; work         ;
+-------------------------------------------+---------------------+---------------------------+-------------------+------------+------+--------------+-----------------------------------------------------------------------------------+-----------------+--------------+
Note: For table entries with two numbers listed, the numbers in parentheses indicate the number of resources of the given type used by the specific entity alone. The numbers listed outside of parentheses indicate the total resources of the given type used by the specific entity and all of its sub-entities in the hierarchy.


+----------------------------------------------------------------------------------------------------------------------------------------------------------------------------------------------+
; Analysis & Synthesis RAM Summary                                                                                                                                                             ;
+---------------------------------------------------------------------------------------+------+-------------+--------------+--------------+--------------+--------------+------+--------------+
; Name                                                                                  ; Type ; Mode        ; Port A Depth ; Port A Width ; Port B Depth ; Port B Width ; Size ; MIF          ;
+---------------------------------------------------------------------------------------+------+-------------+--------------+--------------+--------------+--------------+------+--------------+
; inst_mem:U4|altsyncram:altsyncram_component|altsyncram_rgj1:auto_generated|ALTSYNCRAM ; AUTO ; Single Port ; 256          ; 16           ; --           ; --           ; 4096 ; inst_mem.mif ;
+---------------------------------------------------------------------------------------+------+-------------+--------------+--------------+--------------+--------------+------+--------------+


Encoding Type:  One-Hot
+------------------------------------------------------------------------------------------+
; State Machine - |part3|proc:U3|Tstep_Q                                                   ;
+------------+------------+------------+------------+------------+------------+------------+
; Name       ; Tstep_Q.T5 ; Tstep_Q.T4 ; Tstep_Q.T3 ; Tstep_Q.T2 ; Tstep_Q.T1 ; Tstep_Q.T0 ;
+------------+------------+------------+------------+------------+------------+------------+
; Tstep_Q.T0 ; 0          ; 0          ; 0          ; 0          ; 0          ; 0          ;
; Tstep_Q.T1 ; 0          ; 0          ; 0          ; 0          ; 1          ; 1          ;
; Tstep_Q.T2 ; 0          ; 0          ; 0          ; 1          ; 0          ; 1          ;
; Tstep_Q.T3 ; 0          ; 0          ; 1          ; 0          ; 0          ; 1          ;
; Tstep_Q.T4 ; 0          ; 1          ; 0          ; 0          ; 0          ; 1          ;
; Tstep_Q.T5 ; 1          ; 0          ; 0          ; 0          ; 0          ; 1          ;
+------------+------------+------------+------------+------------+------------+------------+


+---------------------------------------------------------------------------------------------------+
; User-Specified and Inferred Latches                                                               ;
+----------------------------------------------------+---------------------+------------------------+
; Latch Name                                         ; Latch Enable Signal ; Free of Timing Hazards ;
+----------------------------------------------------+---------------------+------------------------+
; proc:U3|Z                                          ; GND                 ; yes                    ;
; proc:U3|c                                          ; GND                 ; yes                    ;
; Number of user-specified and inferred latches = 2  ;                     ;                        ;
+----------------------------------------------------+---------------------+------------------------+
Note: All latches listed above may not be present at the end of synthesis due to various synthesis optimizations.


+------------------------------------------------------------+
; Registers Removed During Synthesis                         ;
+---------------------------------------+--------------------+
; Register name                         ; Reason for Removal ;
+---------------------------------------+--------------------+
; proc:U3|Tstep_Q~2                     ; Lost fanout        ;
; proc:U3|Tstep_Q~3                     ; Lost fanout        ;
; proc:U3|Tstep_Q~4                     ; Lost fanout        ;
; Total Number of Removed Registers = 3 ;                    ;
+---------------------------------------+--------------------+


+------------------------------------------------------+
; General Register Statistics                          ;
+----------------------------------------------+-------+
; Statistic                                    ; Value ;
+----------------------------------------------+-------+
; Total registers                              ; 266   ;
; Number of registers using Synchronous Clear  ; 16    ;
; Number of registers using Synchronous Load   ; 16    ;
; Number of registers using Asynchronous Clear ; 0     ;
; Number of registers using Asynchronous Load  ; 0     ;
; Number of registers using Clock Enable       ; 248   ;
; Number of registers using Preset             ; 0     ;
+----------------------------------------------+-------+


+---------------------------------------------------------------------------------------------------------------------------------------------------------+
; Multiplexer Restructuring Statistics (Restructuring Performed)                                                                                          ;
+--------------------+-----------+---------------+----------------------+------------------------+------------+-------------------------------------------+
; Multiplexer Inputs ; Bus Width ; Baseline Area ; Area if Restructured ; Saving if Restructured ; Registered ; Example Multiplexer Output                ;
+--------------------+-----------+---------------+----------------------+------------------------+------------+-------------------------------------------+
; 3:1                ; 7 bits    ; 14 LEs        ; 7 LEs                ; 7 LEs                  ; Yes        ; |part3|seg7_scroll:seg1|regne:reg_R0|Q[6] ;
; 3:1                ; 7 bits    ; 14 LEs        ; 7 LEs                ; 7 LEs                  ; Yes        ; |part3|seg7_scroll:seg1|regne:reg_R4|Q[3] ;
; 3:1                ; 7 bits    ; 14 LEs        ; 7 LEs                ; 7 LEs                  ; Yes        ; |part3|seg7_scroll:seg1|regne:reg_R2|Q[5] ;
; 3:1                ; 7 bits    ; 14 LEs        ; 7 LEs                ; 7 LEs                  ; Yes        ; |part3|seg7_scroll:seg1|regne:reg_R1|Q[0] ;
; 3:1                ; 7 bits    ; 14 LEs        ; 7 LEs                ; 7 LEs                  ; Yes        ; |part3|seg7_scroll:seg1|regne:reg_R5|Q[4] ;
; 3:1                ; 7 bits    ; 14 LEs        ; 7 LEs                ; 7 LEs                  ; Yes        ; |part3|seg7_scroll:seg1|regne:reg_R3|Q[5] ;
; 4:1                ; 16 bits   ; 32 LEs        ; 0 LEs                ; 32 LEs                 ; Yes        ; |part3|proc:U3|pc_count:pc|Q[11]          ;
; 5:1                ; 7 bits    ; 21 LEs        ; 21 LEs               ; 0 LEs                  ; No         ; |part3|proc:U3|Mux20                      ;
; 7:1                ; 8 bits    ; 32 LEs        ; 16 LEs               ; 16 LEs                 ; No         ; |part3|proc:U3|Mux14                      ;
; 8:1                ; 7 bits    ; 35 LEs        ; 14 LEs               ; 21 LEs                 ; No         ; |part3|proc:U3|Mux6                       ;
; 10:1               ; 9 bits    ; 54 LEs        ; 54 LEs               ; 0 LEs                  ; No         ; |part3|proc:U3|BusWires[3]                ;
; 11:1               ; 7 bits    ; 49 LEs        ; 49 LEs               ; 0 LEs                  ; No         ; |part3|proc:U3|BusWires[12]               ;
+--------------------+-----------+---------------+----------------------+------------------------+------------+-------------------------------------------+


+---------------------------------------------------------------------------------------------------+
; Source assignments for inst_mem:U4|altsyncram:altsyncram_component|altsyncram_rgj1:auto_generated ;
+---------------------------------+--------------------+------+-------------------------------------+
; Assignment                      ; Value              ; From ; To                                  ;
+---------------------------------+--------------------+------+-------------------------------------+
; OPTIMIZE_POWER_DURING_SYNTHESIS ; NORMAL_COMPILATION ; -    ; -                                   ;
+---------------------------------+--------------------+------+-------------------------------------+


+----------------------------------------------------------------------------+
; Parameter Settings for User Entity Instance: seg7_scroll:seg1|regne:reg_R0 ;
+----------------+-------+---------------------------------------------------+
; Parameter Name ; Value ; Type                                              ;
+----------------+-------+---------------------------------------------------+
; n              ; 7     ; Signed Integer                                    ;
+----------------+-------+---------------------------------------------------+
Note: In order to hide this table in the UI and the text report file, please set the "Show Parameter Settings in Synthesis Report" option in "Analysis and Synthesis Settings -> More Settings" to "Off".


+----------------------------------------------------------------------------+
; Parameter Settings for User Entity Instance: seg7_scroll:seg1|regne:reg_R1 ;
+----------------+-------+---------------------------------------------------+
; Parameter Name ; Value ; Type                                              ;
+----------------+-------+---------------------------------------------------+
; n              ; 7     ; Signed Integer                                    ;
+----------------+-------+---------------------------------------------------+
Note: In order to hide this table in the UI and the text report file, please set the "Show Parameter Settings in Synthesis Report" option in "Analysis and Synthesis Settings -> More Settings" to "Off".


+----------------------------------------------------------------------------+
; Parameter Settings for User Entity Instance: seg7_scroll:seg1|regne:reg_R2 ;
+----------------+-------+---------------------------------------------------+
; Parameter Name ; Value ; Type                                              ;
+----------------+-------+---------------------------------------------------+
; n              ; 7     ; Signed Integer                                    ;
+----------------+-------+---------------------------------------------------+
Note: In order to hide this table in the UI and the text report file, please set the "Show Parameter Settings in Synthesis Report" option in "Analysis and Synthesis Settings -> More Settings" to "Off".


+----------------------------------------------------------------------------+
; Parameter Settings for User Entity Instance: seg7_scroll:seg1|regne:reg_R3 ;
+----------------+-------+---------------------------------------------------+
; Parameter Name ; Value ; Type                                              ;
+----------------+-------+---------------------------------------------------+
; n              ; 7     ; Signed Integer                                    ;
+----------------+-------+---------------------------------------------------+
Note: In order to hide this table in the UI and the text report file, please set the "Show Parameter Settings in Synthesis Report" option in "Analysis and Synthesis Settings -> More Settings" to "Off".


+----------------------------------------------------------------------------+
; Parameter Settings for User Entity Instance: seg7_scroll:seg1|regne:reg_R4 ;
+----------------+-------+---------------------------------------------------+
; Parameter Name ; Value ; Type                                              ;
+----------------+-------+---------------------------------------------------+
; n              ; 7     ; Signed Integer                                    ;
+----------------+-------+---------------------------------------------------+
Note: In order to hide this table in the UI and the text report file, please set the "Show Parameter Settings in Synthesis Report" option in "Analysis and Synthesis Settings -> More Settings" to "Off".


+----------------------------------------------------------------------------+
; Parameter Settings for User Entity Instance: seg7_scroll:seg1|regne:reg_R5 ;
+----------------+-------+---------------------------------------------------+
; Parameter Name ; Value ; Type                                              ;
+----------------+-------+---------------------------------------------------+
; n              ; 7     ; Signed Integer                                    ;
+----------------+-------+---------------------------------------------------+
Note: In order to hide this table in the UI and the text report file, please set the "Show Parameter Settings in Synthesis Report" option in "Analysis and Synthesis Settings -> More Settings" to "Off".


+------------------------------------------------------+
; Parameter Settings for User Entity Instance: proc:U3 ;
+----------------+-------+-----------------------------+
; Parameter Name ; Value ; Type                        ;
+----------------+-------+-----------------------------+
; T0             ; 000   ; Unsigned Binary             ;
; T1             ; 001   ; Unsigned Binary             ;
; T2             ; 010   ; Unsigned Binary             ;
; T3             ; 011   ; Unsigned Binary             ;
; T4             ; 100   ; Unsigned Binary             ;
; T5             ; 101   ; Unsigned Binary             ;
; mv             ; 000   ; Unsigned Binary             ;
; mvi            ; 001   ; Unsigned Binary             ;
; add            ; 010   ; Unsigned Binary             ;
; sub            ; 011   ; Unsigned Binary             ;
; ld             ; 100   ; Unsigned Binary             ;
; st             ; 101   ; Unsigned Binary             ;
; mvnz           ; 110   ; Unsigned Binary             ;
; mvnc           ; 111   ; Unsigned Binary             ;
+----------------+-------+-----------------------------+
Note: In order to hide this table in the UI and the text report file, please set the "Show Parameter Settings in Synthesis Report" option in "Analysis and Synthesis Settings -> More Settings" to "Off".


+-----------------------------------------------------------------+
; Parameter Settings for User Entity Instance: proc:U3|regn:reg_0 ;
+----------------+-------+----------------------------------------+
; Parameter Name ; Value ; Type                                   ;
+----------------+-------+----------------------------------------+
; n              ; 16    ; Signed Integer                         ;
+----------------+-------+----------------------------------------+
Note: In order to hide this table in the UI and the text report file, please set the "Show Parameter Settings in Synthesis Report" option in "Analysis and Synthesis Settings -> More Settings" to "Off".


+-----------------------------------------------------------------+
; Parameter Settings for User Entity Instance: proc:U3|regn:reg_1 ;
+----------------+-------+----------------------------------------+
; Parameter Name ; Value ; Type                                   ;
+----------------+-------+----------------------------------------+
; n              ; 16    ; Signed Integer                         ;
+----------------+-------+----------------------------------------+
Note: In order to hide this table in the UI and the text report file, please set the "Show Parameter Settings in Synthesis Report" option in "Analysis and Synthesis Settings -> More Settings" to "Off".


+-----------------------------------------------------------------+
; Parameter Settings for User Entity Instance: proc:U3|regn:reg_2 ;
+----------------+-------+----------------------------------------+
; Parameter Name ; Value ; Type                                   ;
+----------------+-------+----------------------------------------+
; n              ; 16    ; Signed Integer                         ;
+----------------+-------+----------------------------------------+
Note: In order to hide this table in the UI and the text report file, please set the "Show Parameter Settings in Synthesis Report" option in "Analysis and Synthesis Settings -> More Settings" to "Off".


+-----------------------------------------------------------------+
; Parameter Settings for User Entity Instance: proc:U3|regn:reg_3 ;
+----------------+-------+----------------------------------------+
; Parameter Name ; Value ; Type                                   ;
+----------------+-------+----------------------------------------+
; n              ; 16    ; Signed Integer                         ;
+----------------+-------+----------------------------------------+
Note: In order to hide this table in the UI and the text report file, please set the "Show Parameter Settings in Synthesis Report" option in "Analysis and Synthesis Settings -> More Settings" to "Off".


+-----------------------------------------------------------------+
; Parameter Settings for User Entity Instance: proc:U3|regn:reg_4 ;
+----------------+-------+----------------------------------------+
; Parameter Name ; Value ; Type                                   ;
+----------------+-------+----------------------------------------+
; n              ; 16    ; Signed Integer                         ;
+----------------+-------+----------------------------------------+
Note: In order to hide this table in the UI and the text report file, please set the "Show Parameter Settings in Synthesis Report" option in "Analysis and Synthesis Settings -> More Settings" to "Off".


+-----------------------------------------------------------------+
; Parameter Settings for User Entity Instance: proc:U3|regn:reg_5 ;
+----------------+-------+----------------------------------------+
; Parameter Name ; Value ; Type                                   ;
+----------------+-------+----------------------------------------+
; n              ; 16    ; Signed Integer                         ;
+----------------+-------+----------------------------------------+
Note: In order to hide this table in the UI and the text report file, please set the "Show Parameter Settings in Synthesis Report" option in "Analysis and Synthesis Settings -> More Settings" to "Off".


+-----------------------------------------------------------------+
; Parameter Settings for User Entity Instance: proc:U3|regn:reg_6 ;
+----------------+-------+----------------------------------------+
; Parameter Name ; Value ; Type                                   ;
+----------------+-------+----------------------------------------+
; n              ; 16    ; Signed Integer                         ;
+----------------+-------+----------------------------------------+
Note: In order to hide this table in the UI and the text report file, please set the "Show Parameter Settings in Synthesis Report" option in "Analysis and Synthesis Settings -> More Settings" to "Off".


+-----------------------------------------------------------------+
; Parameter Settings for User Entity Instance: proc:U3|regn:reg_A ;
+----------------+-------+----------------------------------------+
; Parameter Name ; Value ; Type                                   ;
+----------------+-------+----------------------------------------+
; n              ; 16    ; Signed Integer                         ;
+----------------+-------+----------------------------------------+
Note: In order to hide this table in the UI and the text report file, please set the "Show Parameter Settings in Synthesis Report" option in "Analysis and Synthesis Settings -> More Settings" to "Off".


+--------------------------------------------------------------------+
; Parameter Settings for User Entity Instance: proc:U3|regn:reg_DOUT ;
+----------------+-------+-------------------------------------------+
; Parameter Name ; Value ; Type                                      ;
+----------------+-------+-------------------------------------------+
; n              ; 16    ; Signed Integer                            ;
+----------------+-------+-------------------------------------------+
Note: In order to hide this table in the UI and the text report file, please set the "Show Parameter Settings in Synthesis Report" option in "Analysis and Synthesis Settings -> More Settings" to "Off".


+--------------------------------------------------------------------+
; Parameter Settings for User Entity Instance: proc:U3|regn:reg_ADDR ;
+----------------+-------+-------------------------------------------+
; Parameter Name ; Value ; Type                                      ;
+----------------+-------+-------------------------------------------+
; n              ; 16    ; Signed Integer                            ;
+----------------+-------+-------------------------------------------+
Note: In order to hide this table in the UI and the text report file, please set the "Show Parameter Settings in Synthesis Report" option in "Analysis and Synthesis Settings -> More Settings" to "Off".


+------------------------------------------------------------------+
; Parameter Settings for User Entity Instance: proc:U3|regn:reg_IR ;
+----------------+-------+-----------------------------------------+
; Parameter Name ; Value ; Type                                    ;
+----------------+-------+-----------------------------------------+
; n              ; 9     ; Signed Integer                          ;
+----------------+-------+-----------------------------------------+
Note: In order to hide this table in the UI and the text report file, please set the "Show Parameter Settings in Synthesis Report" option in "Analysis and Synthesis Settings -> More Settings" to "Off".


+-----------------------------------------------------------------+
; Parameter Settings for User Entity Instance: proc:U3|regn:reg_G ;
+----------------+-------+----------------------------------------+
; Parameter Name ; Value ; Type                                   ;
+----------------+-------+----------------------------------------+
; n              ; 16    ; Signed Integer                         ;
+----------------+-------+----------------------------------------+
Note: In order to hide this table in the UI and the text report file, please set the "Show Parameter Settings in Synthesis Report" option in "Analysis and Synthesis Settings -> More Settings" to "Off".


+------------------------------------------------------------------------------------------+
; Parameter Settings for User Entity Instance: inst_mem:U4|altsyncram:altsyncram_component ;
+------------------------------------+----------------------+------------------------------+
; Parameter Name                     ; Value                ; Type                         ;
+------------------------------------+----------------------+------------------------------+
; BYTE_SIZE_BLOCK                    ; 8                    ; Untyped                      ;
; AUTO_CARRY_CHAINS                  ; ON                   ; AUTO_CARRY                   ;
; IGNORE_CARRY_BUFFERS               ; OFF                  ; IGNORE_CARRY                 ;
; AUTO_CASCADE_CHAINS                ; ON                   ; AUTO_CASCADE                 ;
; IGNORE_CASCADE_BUFFERS             ; OFF                  ; IGNORE_CASCADE               ;
; WIDTH_BYTEENA                      ; 1                    ; Untyped                      ;
; OPERATION_MODE                     ; SINGLE_PORT          ; Untyped                      ;
; WIDTH_A                            ; 16                   ; Signed Integer               ;
; WIDTHAD_A                          ; 8                    ; Signed Integer               ;
; NUMWORDS_A                         ; 256                  ; Signed Integer               ;
; OUTDATA_REG_A                      ; UNREGISTERED         ; Untyped                      ;
; ADDRESS_ACLR_A                     ; NONE                 ; Untyped                      ;
; OUTDATA_ACLR_A                     ; NONE                 ; Untyped                      ;
; WRCONTROL_ACLR_A                   ; NONE                 ; Untyped                      ;
; INDATA_ACLR_A                      ; NONE                 ; Untyped                      ;
; BYTEENA_ACLR_A                     ; NONE                 ; Untyped                      ;
; WIDTH_B                            ; 1                    ; Untyped                      ;
; WIDTHAD_B                          ; 1                    ; Untyped                      ;
; NUMWORDS_B                         ; 1                    ; Untyped                      ;
; INDATA_REG_B                       ; CLOCK1               ; Untyped                      ;
; WRCONTROL_WRADDRESS_REG_B          ; CLOCK1               ; Untyped                      ;
; RDCONTROL_REG_B                    ; CLOCK1               ; Untyped                      ;
; ADDRESS_REG_B                      ; CLOCK1               ; Untyped                      ;
; OUTDATA_REG_B                      ; UNREGISTERED         ; Untyped                      ;
; BYTEENA_REG_B                      ; CLOCK1               ; Untyped                      ;
; INDATA_ACLR_B                      ; NONE                 ; Untyped                      ;
; WRCONTROL_ACLR_B                   ; NONE                 ; Untyped                      ;
; ADDRESS_ACLR_B                     ; NONE                 ; Untyped                      ;
; OUTDATA_ACLR_B                     ; NONE                 ; Untyped                      ;
; RDCONTROL_ACLR_B                   ; NONE                 ; Untyped                      ;
; BYTEENA_ACLR_B                     ; NONE                 ; Untyped                      ;
; WIDTH_BYTEENA_A                    ; 1                    ; Signed Integer               ;
; WIDTH_BYTEENA_B                    ; 1                    ; Untyped                      ;
; RAM_BLOCK_TYPE                     ; AUTO                 ; Untyped                      ;
; BYTE_SIZE                          ; 8                    ; Untyped                      ;
; READ_DURING_WRITE_MODE_MIXED_PORTS ; DONT_CARE            ; Untyped                      ;
; READ_DURING_WRITE_MODE_PORT_A      ; NEW_DATA_NO_NBE_READ ; Untyped                      ;
; READ_DURING_WRITE_MODE_PORT_B      ; NEW_DATA_NO_NBE_READ ; Untyped                      ;
; INIT_FILE                          ; inst_mem.mif         ; Untyped                      ;
; INIT_FILE_LAYOUT                   ; PORT_A               ; Untyped                      ;
; MAXIMUM_DEPTH                      ; 0                    ; Untyped                      ;
; CLOCK_ENABLE_INPUT_A               ; BYPASS               ; Untyped                      ;
; CLOCK_ENABLE_INPUT_B               ; NORMAL               ; Untyped                      ;
; CLOCK_ENABLE_OUTPUT_A              ; BYPASS               ; Untyped                      ;
; CLOCK_ENABLE_OUTPUT_B              ; NORMAL               ; Untyped                      ;
; CLOCK_ENABLE_CORE_A                ; USE_INPUT_CLKEN      ; Untyped                      ;
; CLOCK_ENABLE_CORE_B                ; USE_INPUT_CLKEN      ; Untyped                      ;
; ENABLE_ECC                         ; FALSE                ; Untyped                      ;
; ECC_PIPELINE_STAGE_ENABLED         ; FALSE                ; Untyped                      ;
; WIDTH_ECCSTATUS                    ; 3                    ; Untyped                      ;
; DEVICE_FAMILY                      ; Cyclone V            ; Untyped                      ;
; CBXI_PARAMETER                     ; altsyncram_rgj1      ; Untyped                      ;
+------------------------------------+----------------------+------------------------------+
Note: In order to hide this table in the UI and the text report file, please set the "Show Parameter Settings in Synthesis Report" option in "Analysis and Synthesis Settings -> More Settings" to "Off".


+------------------------------------------------------+
; Parameter Settings for User Entity Instance: regn:U5 ;
+----------------+-------+-----------------------------+
; Parameter Name ; Value ; Type                        ;
+----------------+-------+-----------------------------+
; n              ; 9     ; Signed Integer              ;
+----------------+-------+-----------------------------+
Note: In order to hide this table in the UI and the text report file, please set the "Show Parameter Settings in Synthesis Report" option in "Analysis and Synthesis Settings -> More Settings" to "Off".


+------------------------------------------------------+
; Parameter Settings for User Entity Instance: regn:U7 ;
+----------------+-------+-----------------------------+
; Parameter Name ; Value ; Type                        ;
+----------------+-------+-----------------------------+
; n              ; 9     ; Signed Integer              ;
+----------------+-------+-----------------------------+
Note: In order to hide this table in the UI and the text report file, please set the "Show Parameter Settings in Synthesis Report" option in "Analysis and Synthesis Settings -> More Settings" to "Off".


+-----------------------------------------------------------------------------------------+
; altsyncram Parameter Settings by Entity Instance                                        ;
+-------------------------------------------+---------------------------------------------+
; Name                                      ; Value                                       ;
+-------------------------------------------+---------------------------------------------+
; Number of entity instances                ; 1                                           ;
; Entity Instance                           ; inst_mem:U4|altsyncram:altsyncram_component ;
;     -- OPERATION_MODE                     ; SINGLE_PORT                                 ;
;     -- WIDTH_A                            ; 16                                          ;
;     -- NUMWORDS_A                         ; 256                                         ;
;     -- OUTDATA_REG_A                      ; UNREGISTERED                                ;
;     -- WIDTH_B                            ; 1                                           ;
;     -- NUMWORDS_B                         ; 1                                           ;
;     -- ADDRESS_REG_B                      ; CLOCK1                                      ;
;     -- OUTDATA_REG_B                      ; UNREGISTERED                                ;
;     -- RAM_BLOCK_TYPE                     ; AUTO                                        ;
;     -- READ_DURING_WRITE_MODE_MIXED_PORTS ; DONT_CARE                                   ;
+-------------------------------------------+---------------------------------------------+


+----------------------------------------+
; Port Connectivity Checks: "regn:U7"    ;
+------+-------+----------+--------------+
; Port ; Type  ; Severity ; Details      ;
+------+-------+----------+--------------+
; Rin  ; Input ; Info     ; Stuck at VCC ;
+------+-------+----------+--------------+


+--------------------------------------------------+
; Port Connectivity Checks: "proc:U3|dec3to8:decY" ;
+------+-------+----------+------------------------+
; Port ; Type  ; Severity ; Details                ;
+------+-------+----------+------------------------+
; En   ; Input ; Info     ; Stuck at VCC           ;
+------+-------+----------+------------------------+


+--------------------------------------------------+
; Port Connectivity Checks: "proc:U3|dec3to8:decX" ;
+------+-------+----------+------------------------+
; Port ; Type  ; Severity ; Details                ;
+------+-------+----------+------------------------+
; En   ; Input ; Info     ; Stuck at VCC           ;
+------+-------+----------+------------------------+


+-----------------------------------------------------------------------------------------------------------------------+
; Port Connectivity Checks: "proc:U3"                                                                                   ;
+-------------+--------+----------+-------------------------------------------------------------------------------------+
; Port        ; Type   ; Severity ; Details                                                                             ;
+-------------+--------+----------+-------------------------------------------------------------------------------------+
; ADDR[11..8] ; Output ; Info     ; Connected to dangling logic. Logic that only feeds a dangling port will be removed. ;
; Done        ; Output ; Info     ; Connected to dangling logic. Logic that only feeds a dangling port will be removed. ;
+-------------+--------+----------+-------------------------------------------------------------------------------------+


+-----------------------------------------------------+
; Post-Synthesis Netlist Statistics for Top Partition ;
+-----------------------+-----------------------------+
; Type                  ; Count                       ;
+-----------------------+-----------------------------+
; arriav_ff             ; 266                         ;
;     ENA               ; 232                         ;
;     ENA SCLR SLD      ; 16                          ;
;     plain             ; 18                          ;
; arriav_lcell_comb     ; 292                         ;
;     arith             ; 50                          ;
;         0 data inputs ; 1                           ;
;         1 data inputs ; 16                          ;
;         2 data inputs ; 10                          ;
;         4 data inputs ; 23                          ;
;     extend            ; 2                           ;
;         7 data inputs ; 2                           ;
;     normal            ; 240                         ;
;         2 data inputs ; 26                          ;
;         3 data inputs ; 39                          ;
;         4 data inputs ; 36                          ;
;         5 data inputs ; 33                          ;
;         6 data inputs ; 106                         ;
; boundary_port         ; 64                          ;
; stratixv_ram_block    ; 16                          ;
;                       ;                             ;
; Max LUT depth         ; 13.30                       ;
; Average LUT depth     ; 7.47                        ;
+-----------------------+-----------------------------+


+-------------------------------+
; Elapsed Time Per Partition    ;
+----------------+--------------+
; Partition Name ; Elapsed Time ;
+----------------+--------------+
; Top            ; 00:00:02     ;
+----------------+--------------+


+-------------------------------+
; Analysis & Synthesis Messages ;
+-------------------------------+
Info: *******************************************************************
Info: Running Quartus Prime Analysis & Synthesis
    Info: Version 18.0.0 Build 614 04/24/2018 SJ Lite Edition
    Info: Processing started: Sun Feb 03 18:16:17 2019
Info: Command: quartus_map --read_settings_files=on --write_settings_files=off Part4 -c Part4
Warning (18236): Number of processors has not been specified which may cause overloading on shared machines.  Set the global assignment NUM_PARALLEL_PROCESSORS in your QSF to an appropriate value for best performance.
Info (20030): Parallel compilation is enabled and will use 2 of the 2 processors detected
Info (12021): Found 2 design units, including 2 entities, in source file seg7_scroll.v
    Info (12023): Found entity 1: seg7_scroll File: C:/Users/shekk/OneDrive/Documents/intelFPGA_lite/18.0/ECE243L2P4/seg7_scroll.v Line: 2
    Info (12023): Found entity 2: regne File: C:/Users/shekk/OneDrive/Documents/intelFPGA_lite/18.0/ECE243L2P4/seg7_scroll.v Line: 28
Info (12021): Found 4 design units, including 4 entities, in source file proc.v
    Info (12023): Found entity 1: proc File: C:/Users/shekk/OneDrive/Documents/intelFPGA_lite/18.0/ECE243L2P4/proc.v Line: 1
    Info (12023): Found entity 2: pc_count File: C:/Users/shekk/OneDrive/Documents/intelFPGA_lite/18.0/ECE243L2P4/proc.v Line: 276
    Info (12023): Found entity 3: dec3to8 File: C:/Users/shekk/OneDrive/Documents/intelFPGA_lite/18.0/ECE243L2P4/proc.v Line: 291
    Info (12023): Found entity 4: regn File: C:/Users/shekk/OneDrive/Documents/intelFPGA_lite/18.0/ECE243L2P4/proc.v Line: 315
Info (12021): Found 1 design units, including 1 entities, in source file part3.v
    Info (12023): Found entity 1: part3 File: C:/Users/shekk/OneDrive/Documents/intelFPGA_lite/18.0/ECE243L2P4/part3.v Line: 4
Info (12021): Found 1 design units, including 1 entities, in source file flipflop.v
    Info (12023): Found entity 1: flipflop File: C:/Users/shekk/OneDrive/Documents/intelFPGA_lite/18.0/ECE243L2P4/flipflop.v Line: 1
Info (12021): Found 1 design units, including 1 entities, in source file testbench.v
    Info (12023): Found entity 1: testbench File: C:/Users/shekk/OneDrive/Documents/intelFPGA_lite/18.0/ECE243L2P4/testbench.v Line: 3
Warning (10236): Verilog HDL Implicit Net warning at part3.v(22): created implicit net for "HEX_cs" File: C:/Users/shekk/OneDrive/Documents/intelFPGA_lite/18.0/ECE243L2P4/part3.v Line: 22
Info (12127): Elaborating entity "part3" for the top level hierarchy
Info (12128): Elaborating entity "seg7_scroll" for hierarchy "seg7_scroll:seg1" File: C:/Users/shekk/OneDrive/Documents/intelFPGA_lite/18.0/ECE243L2P4/part3.v Line: 22
Info (12128): Elaborating entity "regne" for hierarchy "seg7_scroll:seg1|regne:reg_R0" File: C:/Users/shekk/OneDrive/Documents/intelFPGA_lite/18.0/ECE243L2P4/seg7_scroll.v Line: 12
Info (12128): Elaborating entity "flipflop" for hierarchy "flipflop:U1" File: C:/Users/shekk/OneDrive/Documents/intelFPGA_lite/18.0/ECE243L2P4/part3.v Line: 26
Info (12128): Elaborating entity "proc" for hierarchy "proc:U3" File: C:/Users/shekk/OneDrive/Documents/intelFPGA_lite/18.0/ECE243L2P4/part3.v Line: 30
Warning (10240): Verilog HDL Always Construct warning at proc.v(233): inferring latch(es) for variable "Z", which holds its previous value in one or more paths through the always construct File: C:/Users/shekk/OneDrive/Documents/intelFPGA_lite/18.0/ECE243L2P4/proc.v Line: 233
Warning (10240): Verilog HDL Always Construct warning at proc.v(233): inferring latch(es) for variable "c", which holds its previous value in one or more paths through the always construct File: C:/Users/shekk/OneDrive/Documents/intelFPGA_lite/18.0/ECE243L2P4/proc.v Line: 233
Info (10041): Inferred latch for "c" at proc.v(240) File: C:/Users/shekk/OneDrive/Documents/intelFPGA_lite/18.0/ECE243L2P4/proc.v Line: 240
Info (10041): Inferred latch for "Z" at proc.v(234) File: C:/Users/shekk/OneDrive/Documents/intelFPGA_lite/18.0/ECE243L2P4/proc.v Line: 234
Info (12128): Elaborating entity "dec3to8" for hierarchy "proc:U3|dec3to8:decX" File: C:/Users/shekk/OneDrive/Documents/intelFPGA_lite/18.0/ECE243L2P4/proc.v Line: 27
Info (12128): Elaborating entity "regn" for hierarchy "proc:U3|regn:reg_0" File: C:/Users/shekk/OneDrive/Documents/intelFPGA_lite/18.0/ECE243L2P4/proc.v Line: 203
Info (12128): Elaborating entity "pc_count" for hierarchy "proc:U3|pc_count:pc" File: C:/Users/shekk/OneDrive/Documents/intelFPGA_lite/18.0/ECE243L2P4/proc.v Line: 213
Info (12128): Elaborating entity "regn" for hierarchy "proc:U3|regn:reg_IR" File: C:/Users/shekk/OneDrive/Documents/intelFPGA_lite/18.0/ECE243L2P4/proc.v Line: 218
Warning (12125): Using design file inst_mem.v, which is not specified as a design file for the current project, but contains definitions for 1 design units and 1 entities in project
    Info (12023): Found entity 1: inst_mem File: C:/Users/shekk/OneDrive/Documents/intelFPGA_lite/18.0/ECE243L2P4/inst_mem.v Line: 39
Info (12128): Elaborating entity "inst_mem" for hierarchy "inst_mem:U4" File: C:/Users/shekk/OneDrive/Documents/intelFPGA_lite/18.0/ECE243L2P4/part3.v Line: 37
Info (12128): Elaborating entity "altsyncram" for hierarchy "inst_mem:U4|altsyncram:altsyncram_component" File: C:/Users/shekk/OneDrive/Documents/intelFPGA_lite/18.0/ECE243L2P4/inst_mem.v Line: 85
Info (12130): Elaborated megafunction instantiation "inst_mem:U4|altsyncram:altsyncram_component" File: C:/Users/shekk/OneDrive/Documents/intelFPGA_lite/18.0/ECE243L2P4/inst_mem.v Line: 85
Info (12133): Instantiated megafunction "inst_mem:U4|altsyncram:altsyncram_component" with the following parameter: File: C:/Users/shekk/OneDrive/Documents/intelFPGA_lite/18.0/ECE243L2P4/inst_mem.v Line: 85
    Info (12134): Parameter "clock_enable_input_a" = "BYPASS"
    Info (12134): Parameter "clock_enable_output_a" = "BYPASS"
    Info (12134): Parameter "init_file" = "inst_mem.mif"
    Info (12134): Parameter "intended_device_family" = "Cyclone II"
    Info (12134): Parameter "lpm_hint" = "ENABLE_RUNTIME_MOD=NO"
    Info (12134): Parameter "lpm_type" = "altsyncram"
    Info (12134): Parameter "numwords_a" = "256"
    Info (12134): Parameter "operation_mode" = "SINGLE_PORT"
    Info (12134): Parameter "outdata_aclr_a" = "NONE"
    Info (12134): Parameter "outdata_reg_a" = "UNREGISTERED"
    Info (12134): Parameter "power_up_uninitialized" = "FALSE"
    Info (12134): Parameter "widthad_a" = "8"
    Info (12134): Parameter "width_a" = "16"
    Info (12134): Parameter "width_byteena_a" = "1"
Info (12021): Found 1 design units, including 1 entities, in source file db/altsyncram_rgj1.tdf
    Info (12023): Found entity 1: altsyncram_rgj1 File: C:/Users/shekk/OneDrive/Documents/intelFPGA_lite/18.0/ECE243L2P4/db/altsyncram_rgj1.tdf Line: 27
Info (12128): Elaborating entity "altsyncram_rgj1" for hierarchy "inst_mem:U4|altsyncram:altsyncram_component|altsyncram_rgj1:auto_generated" File: c:/users/shekk/onedrive/documents/intelfpga_lite/18.0/quartus/libraries/megafunctions/altsyncram.tdf Line: 791
Info (286030): Timing-Driven Synthesis is running
Info (17049): 3 registers lost all their fanouts during netlist optimizations.
Info (144001): Generated suppressed messages file C:/Users/shekk/OneDrive/Documents/intelFPGA_lite/18.0/ECE243L2P4/output_files/Part4.map.smsg
Info (16010): Generating hard_block partition "hard_block:auto_generated_inst"
    Info (16011): Adding 0 node(s), including 0 DDIO, 0 PLL, 0 transceiver and 0 LCELL
Info (21057): Implemented 597 device resources after synthesis - the final resource count might be different
    Info (21058): Implemented 12 input pins
    Info (21059): Implemented 52 output pins
    Info (21061): Implemented 517 logic cells
    Info (21064): Implemented 16 RAM segments
Info: Quartus Prime Analysis & Synthesis was successful. 0 errors, 5 warnings
    Info: Peak virtual memory: 4830 megabytes
    Info: Processing ended: Sun Feb 03 18:16:39 2019
    Info: Elapsed time: 00:00:22
    Info: Total CPU time (on all processors): 00:00:41


+------------------------------------------+
; Analysis & Synthesis Suppressed Messages ;
+------------------------------------------+
The suppressed messages can be found in C:/Users/shekk/OneDrive/Documents/intelFPGA_lite/18.0/ECE243L2P4/output_files/Part4.map.smsg.


